<?xml version="1.0" encoding="UTF-8"?>
<!-- Generated by org.testng.reporters.JUnitXMLReporter -->
<testsuite ignored="0" hostname="VODONG" failures="1" tests="10" name="Run on FireFox" time="366.676" errors="0" timestamp="28 Jun 2022 12:45:33 GMT">
  <testcase classname="com.revu.admin.Advertiser_Management" name="TC_01_Open_Admin_Page_And_Select_Country" time="6.47"/>
  <testcase classname="com.revu.admin.Advertiser_Management" name="TC_02_Login_To_DashBoard_Page" time="13.943"/>
  <testcase classname="com.revu.admin.Advertiser_Management" name="TC_03_Check_Translate_To_Korea_Brand_Management_Page" time="59.908"/>
  <testcase classname="com.revu.admin.Advertiser_Management" name="TC_05_Check_Translate_To_Korea_Create_Brand_Page" time="44.743"/>
  <testcase classname="com.revu.admin.Advertiser_Management" name="TC_06_Check_Translate_To_English_Create_Brand_Page" time="47.986"/>
  <testcase classname="com.revu.admin.Advertiser_Management" name="TC_07_Create_Brand_Non_Use_Option" time="30.17"/>
  <testcase classname="com.revu.admin.Advertiser_Management" name="TC_08_Delete_Brand_Advertiser_Do_Not_Have_CamPaign" time="34.216"/>
  <testcase classname="com.revu.admin.Advertiser_Management" name="TC_09_Create_Brand_Use_Option" time="34.266"/>
  <testcase classname="com.revu.admin.Advertiser_Management" name="TC_10_Delete_Brand_Advertiser_Has_CamPaign" time="26.284"/>
  <testcase classname="com.revu.admin.Advertiser_Management" name="TC_11_Edit_Brand_Information" time="63.519">
    <failure type="org.openqa.selenium.TimeoutException" message="Expected condition failed: waiting for visibility of element located by By.cssSelector: div.custom-title-create-brand span.partner (tried for 30 second(s) with 500 milliseconds interval)">
      <![CDATA[org.openqa.selenium.TimeoutException: Expected condition failed: waiting for visibility of element located by By.cssSelector: div.custom-title-create-brand span.partner (tried for 30 second(s) with 500 milliseconds interval)
at org.openqa.selenium.support.ui.WebDriverWait.timeoutException(WebDriverWait.java:95)
at org.openqa.selenium.support.ui.FluentWait.until(FluentWait.java:272)
at commons.BasePage.waitForElementVisible(BasePage.java:505)
at pageObjects.revu.Admin.AdminDetailBrandManagementObject.getSeeBrandTextButton(AdminDetailBrandManagementObject.java:28)
at com.revu.admin.Advertiser_Management.TC_11_Edit_Brand_Information(Advertiser_Management.java:872)
Caused by: org.openqa.selenium.NoSuchElementException: Unable to locate element: div.custom-title-create-brand span.partner
For documentation on this error, please visit: https://www.seleniumhq.org/exceptions/no_such_element.html
Build info: version: '3.141.59', revision: 'e82be7d358', time: '2018-11-14T08:17:03'
System info: host: 'VODONG', ip: '192.168.0.103', os.name: 'Windows 10', os.arch: 'amd64', os.version: '10.0', java.version: '11.0.11'
Driver info: org.openqa.selenium.firefox.FirefoxDriver
Capabilities {acceptInsecureCerts: true, browserName: firefox, browserVersion: 101.0.1, javascriptEnabled: true, moz:accessibilityChecks: false, moz:buildID: 20220608170832, moz:geckodriverVersion: 0.31.0, moz:headless: false, moz:processID: 2228, moz:profile: C:\Users\ad\AppData\Local\T..., moz:shutdownTimeout: 60000, moz:useNonSpecCompliantPointerOrigin: false, moz:webdriverClick: true, pageLoadStrategy: normal, platform: WINDOWS, platformName: WINDOWS, platformVersion: 10.0, proxy: Proxy(), setWindowRect: true, strictFileInteractability: false, timeouts: {implicit: 0, pageLoad: 300000, script: 30000}, unhandledPromptBehavior: dismiss and notify}
Session ID: 3b742cab-49d4-47a3-a9ac-8081d4d8e712
*** Element info: {Using=css selector, value=div.custom-title-create-brand span.partner}
at org.openqa.selenium.remote.http.W3CHttpResponseCodec.createException(W3CHttpResponseCodec.java:187)
at org.openqa.selenium.remote.http.W3CHttpResponseCodec.decode(W3CHttpResponseCodec.java:122)
at org.openqa.selenium.remote.http.W3CHttpResponseCodec.decode(W3CHttpResponseCodec.java:49)
at org.openqa.selenium.remote.HttpCommandExecutor.execute(HttpCommandExecutor.java:158)
at org.openqa.selenium.remote.service.DriverCommandExecutor.execute(DriverCommandExecutor.java:83)
at org.openqa.selenium.remote.RemoteWebDriver.execute(RemoteWebDriver.java:552)
at org.openqa.selenium.remote.RemoteWebDriver.findElement(RemoteWebDriver.java:323)
at org.openqa.selenium.remote.RemoteWebDriver.findElementByCssSelector(RemoteWebDriver.java:420)
at org.openqa.selenium.By$ByCssSelector.findElement(By.java:431)
at org.openqa.selenium.remote.RemoteWebDriver.findElement(RemoteWebDriver.java:315)
at org.openqa.selenium.support.ui.ExpectedConditions$7.apply(ExpectedConditions.java:205)
at org.openqa.selenium.support.ui.ExpectedConditions$7.apply(ExpectedConditions.java:201)
at org.openqa.selenium.support.ui.FluentWait.until(FluentWait.java:249)
... 28 more
... Removed 29 stack frames]]>
    </failure>
  </testcase> <!-- TC_11_Edit_Brand_Information -->
</testsuite> <!-- Run on FireFox -->
